This is pdfTeX, Version 3.14159265-2.6-1.40.17 (TeX Live 2016) (preloaded format=pdflatex 2016.5.22)  5 MAR 2017 20:17
entering extended mode
 restricted \write18 enabled.
 %&-line parsing enabled.
**"Cassie Marker-Dissertation.tex"
(./Cassie Marker-Dissertation.tex
LaTeX2e <2016/03/31>
Babel <3.9r> and hyphenation patterns for 83 language(s) loaded.
(./psuthesis.cls
Document Class: psuthesis 2013/10/18 v2.4.0 psuthesis class
(/usr/local/texlive/2016/texmf-dist/tex/latex/base/ifthen.sty
Package: ifthen 2014/09/29 v1.1c Standard LaTeX ifthen package (DPC)
)
(/usr/local/texlive/2016/texmf-dist/tex/latex/base/book.cls
Document Class: book 2014/09/29 v1.4h Standard LaTeX document class
(/usr/local/texlive/2016/texmf-dist/tex/latex/base/bk12.clo
File: bk12.clo 2014/09/29 v1.4h Standard LaTeX file (size option)
)
\c@part=\count79
\c@chapter=\count80
\c@section=\count81
\c@subsection=\count82
\c@subsubsection=\count83
\c@paragraph=\count84
\c@subparagraph=\count85
\c@figure=\count86
\c@table=\count87
\abovecaptionskip=\skip41
\belowcaptionskip=\skip42
\bibindent=\dimen102
)
(/usr/local/texlive/2016/texmf-dist/tex/latex/tools/calc.sty
Package: calc 2014/10/28 v4.3 Infix arithmetic (KKT,FJ)
\calc@Acount=\count88
\calc@Bcount=\count89
\calc@Adimen=\dimen103
\calc@Bdimen=\dimen104
\calc@Askip=\skip43
\calc@Bskip=\skip44
LaTeX Info: Redefining \setlength on input line 80.
LaTeX Info: Redefining \addtolength on input line 81.
\calc@Ccount=\count90
\calc@Cskip=\skip45
)
(/usr/local/texlive/2016/texmf-dist/tex/latex/setspace/setspace.sty
Package: setspace 2011/12/19 v6.7a set line spacing
)
(/usr/local/texlive/2016/texmf-dist/tex/latex/tocloft/tocloft.sty
Package: tocloft 2013/05/02 v2.3f parameterised ToC, etc., typesetting
Package tocloft Info: The document has chapter divisions on input line 44.
\cftparskip=\skip46
\cftbeforetoctitleskip=\skip47
\cftaftertoctitleskip=\skip48
\cftbeforepartskip=\skip49
\cftpartnumwidth=\skip50
\cftpartindent=\skip51
\cftbeforechapskip=\skip52
\cftchapindent=\skip53
\cftchapnumwidth=\skip54
\cftbeforesecskip=\skip55
\cftsecindent=\skip56
\cftsecnumwidth=\skip57
\cftbeforesubsecskip=\skip58
\cftsubsecindent=\skip59
\cftsubsecnumwidth=\skip60
\cftbeforesubsubsecskip=\skip61
\cftsubsubsecindent=\skip62
\cftsubsubsecnumwidth=\skip63
\cftbeforeparaskip=\skip64
\cftparaindent=\skip65
\cftparanumwidth=\skip66
\cftbeforesubparaskip=\skip67
\cftsubparaindent=\skip68
\cftsubparanumwidth=\skip69
\cftbeforeloftitleskip=\skip70
\cftafterloftitleskip=\skip71
\cftbeforefigskip=\skip72
\cftfigindent=\skip73
\cftfignumwidth=\skip74
\c@lofdepth=\count91
\c@lotdepth=\count92
\cftbeforelottitleskip=\skip75
\cftafterlottitleskip=\skip76
\cftbeforetabskip=\skip77
\cfttabindent=\skip78
\cfttabnumwidth=\skip79
)
(/usr/local/texlive/2016/texmf-dist/tex/latex/fancyhdr/fancyhdr.sty
\fancy@headwidth=\skip80
\f@ncyO@elh=\skip81
\f@ncyO@erh=\skip82
\f@ncyO@olh=\skip83
\f@ncyO@orh=\skip84
\f@ncyO@elf=\skip85
\f@ncyO@erf=\skip86
\f@ncyO@olf=\skip87
\f@ncyO@orf=\skip88
)
(/usr/local/texlive/2016/texmf-dist/tex/latex/textcase/textcase.sty
Package: textcase 2004/10/07 v0.07 Text only upper/lower case changing (DPC)
)
\mylength=\skip89
\mylonglength=\skip90
\tempbox=\box26
\psu@sigoptionskip=\skip91
\psu@sigafteroptionskip=\skip92
\psu@intersigspace=\skip93
)
(/usr/local/texlive/2016/texmf-dist/tex/latex/base/fontenc.sty
Package: fontenc 2005/09/27 v1.99g Standard LaTeX package

(/usr/local/texlive/2016/texmf-dist/tex/latex/base/t1enc.def
File: t1enc.def 2005/09/27 v1.99g Standard LaTeX file
LaTeX Font Info:    Redeclaring font encoding T1 on input line 48.
))
(/usr/local/texlive/2016/texmf-dist/tex/latex/lm/lmodern.sty
Package: lmodern 2009/10/30 v1.6 Latin Modern Fonts
LaTeX Font Info:    Overwriting symbol font `operators' in version `normal'
(Font)                  OT1/cmr/m/n --> OT1/lmr/m/n on input line 22.
LaTeX Font Info:    Overwriting symbol font `letters' in version `normal'
(Font)                  OML/cmm/m/it --> OML/lmm/m/it on input line 23.
LaTeX Font Info:    Overwriting symbol font `symbols' in version `normal'
(Font)                  OMS/cmsy/m/n --> OMS/lmsy/m/n on input line 24.
LaTeX Font Info:    Overwriting symbol font `largesymbols' in version `normal'
(Font)                  OMX/cmex/m/n --> OMX/lmex/m/n on input line 25.
LaTeX Font Info:    Overwriting symbol font `operators' in version `bold'
(Font)                  OT1/cmr/bx/n --> OT1/lmr/bx/n on input line 26.
LaTeX Font Info:    Overwriting symbol font `letters' in version `bold'
(Font)                  OML/cmm/b/it --> OML/lmm/b/it on input line 27.
LaTeX Font Info:    Overwriting symbol font `symbols' in version `bold'
(Font)                  OMS/cmsy/b/n --> OMS/lmsy/b/n on input line 28.
LaTeX Font Info:    Overwriting symbol font `largesymbols' in version `bold'
(Font)                  OMX/cmex/m/n --> OMX/lmex/m/n on input line 29.
LaTeX Font Info:    Overwriting math alphabet `\mathbf' in version `normal'
(Font)                  OT1/cmr/bx/n --> OT1/lmr/bx/n on input line 31.
LaTeX Font Info:    Overwriting math alphabet `\mathsf' in version `normal'
(Font)                  OT1/cmss/m/n --> OT1/lmss/m/n on input line 32.
LaTeX Font Info:    Overwriting math alphabet `\mathit' in version `normal'
(Font)                  OT1/cmr/m/it --> OT1/lmr/m/it on input line 33.
LaTeX Font Info:    Overwriting math alphabet `\mathtt' in version `normal'
(Font)                  OT1/cmtt/m/n --> OT1/lmtt/m/n on input line 34.
LaTeX Font Info:    Overwriting math alphabet `\mathbf' in version `bold'
(Font)                  OT1/cmr/bx/n --> OT1/lmr/bx/n on input line 35.
LaTeX Font Info:    Overwriting math alphabet `\mathsf' in version `bold'
(Font)                  OT1/cmss/bx/n --> OT1/lmss/bx/n on input line 36.
LaTeX Font Info:    Overwriting math alphabet `\mathit' in version `bold'
(Font)                  OT1/cmr/bx/it --> OT1/lmr/bx/it on input line 37.
LaTeX Font Info:    Overwriting math alphabet `\mathtt' in version `bold'
(Font)                  OT1/cmtt/m/n --> OT1/lmtt/m/n on input line 38.
)
(/usr/local/texlive/2016/texmf-dist/tex/latex/base/textcomp.sty
Package: textcomp 2005/09/27 v1.99g Standard LaTeX package
Package textcomp Info: Sub-encoding information:
(textcomp)               5 = only ISO-Adobe without \textcurrency
(textcomp)               4 = 5 + \texteuro
(textcomp)               3 = 4 + \textohm
(textcomp)               2 = 3 + \textestimated + \textcurrency
(textcomp)               1 = TS1 - \textcircled - \t
(textcomp)               0 = TS1 (full)
(textcomp)             Font families with sub-encoding setting implement
(textcomp)             only a restricted character set as indicated.
(textcomp)             Family '?' is the default used for unknown fonts.
(textcomp)             See the documentation for details.
Package textcomp Info: Setting ? sub-encoding to TS1/1 on input line 79.

(/usr/local/texlive/2016/texmf-dist/tex/latex/base/ts1enc.def
File: ts1enc.def 2001/06/05 v3.0e (jk/car/fm) Standard LaTeX file
)
LaTeX Info: Redefining \oldstylenums on input line 334.
Package textcomp Info: Setting cmr sub-encoding to TS1/0 on input line 349.
Package textcomp Info: Setting cmss sub-encoding to TS1/0 on input line 350.
Package textcomp Info: Setting cmtt sub-encoding to TS1/0 on input line 351.
Package textcomp Info: Setting cmvtt sub-encoding to TS1/0 on input line 352.
Package textcomp Info: Setting cmbr sub-encoding to TS1/0 on input line 353.
Package textcomp Info: Setting cmtl sub-encoding to TS1/0 on input line 354.
Package textcomp Info: Setting ccr sub-encoding to TS1/0 on input line 355.
Package textcomp Info: Setting ptm sub-encoding to TS1/4 on input line 356.
Package textcomp Info: Setting pcr sub-encoding to TS1/4 on input line 357.
Package textcomp Info: Setting phv sub-encoding to TS1/4 on input line 358.
Package textcomp Info: Setting ppl sub-encoding to TS1/3 on input line 359.
Package textcomp Info: Setting pag sub-encoding to TS1/4 on input line 360.
Package textcomp Info: Setting pbk sub-encoding to TS1/4 on input line 361.
Package textcomp Info: Setting pnc sub-encoding to TS1/4 on input line 362.
Package textcomp Info: Setting pzc sub-encoding to TS1/4 on input line 363.
Package textcomp Info: Setting bch sub-encoding to TS1/4 on input line 364.
Package textcomp Info: Setting put sub-encoding to TS1/5 on input line 365.
Package textcomp Info: Setting uag sub-encoding to TS1/5 on input line 366.
Package textcomp Info: Setting ugq sub-encoding to TS1/5 on input line 367.
Package textcomp Info: Setting ul8 sub-encoding to TS1/4 on input line 368.
Package textcomp Info: Setting ul9 sub-encoding to TS1/4 on input line 369.
Package textcomp Info: Setting augie sub-encoding to TS1/5 on input line 370.
Package textcomp Info: Setting dayrom sub-encoding to TS1/3 on input line 371.
Package textcomp Info: Setting dayroms sub-encoding to TS1/3 on input line 372.

Package textcomp Info: Setting pxr sub-encoding to TS1/0 on input line 373.
Package textcomp Info: Setting pxss sub-encoding to TS1/0 on input line 374.
Package textcomp Info: Setting pxtt sub-encoding to TS1/0 on input line 375.
Package textcomp Info: Setting txr sub-encoding to TS1/0 on input line 376.
Package textcomp Info: Setting txss sub-encoding to TS1/0 on input line 377.
Package textcomp Info: Setting txtt sub-encoding to TS1/0 on input line 378.
Package textcomp Info: Setting lmr sub-encoding to TS1/0 on input line 379.
Package textcomp Info: Setting lmdh sub-encoding to TS1/0 on input line 380.
Package textcomp Info: Setting lmss sub-encoding to TS1/0 on input line 381.
Package textcomp Info: Setting lmssq sub-encoding to TS1/0 on input line 382.
Package textcomp Info: Setting lmvtt sub-encoding to TS1/0 on input line 383.
Package textcomp Info: Setting lmtt sub-encoding to TS1/0 on input line 384.
Package textcomp Info: Setting qhv sub-encoding to TS1/0 on input line 385.
Package textcomp Info: Setting qag sub-encoding to TS1/0 on input line 386.
Package textcomp Info: Setting qbk sub-encoding to TS1/0 on input line 387.
Package textcomp Info: Setting qcr sub-encoding to TS1/0 on input line 388.
Package textcomp Info: Setting qcs sub-encoding to TS1/0 on input line 389.
Package textcomp Info: Setting qpl sub-encoding to TS1/0 on input line 390.
Package textcomp Info: Setting qtm sub-encoding to TS1/0 on input line 391.
Package textcomp Info: Setting qzc sub-encoding to TS1/0 on input line 392.
Package textcomp Info: Setting qhvc sub-encoding to TS1/0 on input line 393.
Package textcomp Info: Setting futs sub-encoding to TS1/4 on input line 394.
Package textcomp Info: Setting futx sub-encoding to TS1/4 on input line 395.
Package textcomp Info: Setting futj sub-encoding to TS1/4 on input line 396.
Package textcomp Info: Setting hlh sub-encoding to TS1/3 on input line 397.
Package textcomp Info: Setting hls sub-encoding to TS1/3 on input line 398.
Package textcomp Info: Setting hlst sub-encoding to TS1/3 on input line 399.
Package textcomp Info: Setting hlct sub-encoding to TS1/5 on input line 400.
Package textcomp Info: Setting hlx sub-encoding to TS1/5 on input line 401.
Package textcomp Info: Setting hlce sub-encoding to TS1/5 on input line 402.
Package textcomp Info: Setting hlcn sub-encoding to TS1/5 on input line 403.
Package textcomp Info: Setting hlcw sub-encoding to TS1/5 on input line 404.
Package textcomp Info: Setting hlcf sub-encoding to TS1/5 on input line 405.
Package textcomp Info: Setting pplx sub-encoding to TS1/3 on input line 406.
Package textcomp Info: Setting pplj sub-encoding to TS1/3 on input line 407.
Package textcomp Info: Setting ptmx sub-encoding to TS1/4 on input line 408.
Package textcomp Info: Setting ptmj sub-encoding to TS1/4 on input line 409.
)
(/usr/local/texlive/2016/texmf-dist/tex/latex/microtype/microtype.sty
Package: microtype 2016/05/14 v2.6a Micro-typographical refinements (RS)

(/usr/local/texlive/2016/texmf-dist/tex/latex/graphics/keyval.sty
Package: keyval 2014/10/28 v1.15 key=value parser (DPC)
\KV@toks@=\toks14
)
\MT@toks=\toks15
\MT@count=\count93
LaTeX Info: Redefining \textls on input line 774.
\MT@outer@kern=\dimen105
LaTeX Info: Redefining \textmicrotypecontext on input line 1310.
\MT@listname@count=\count94

(/usr/local/texlive/2016/texmf-dist/tex/latex/microtype/microtype-pdftex.def
File: microtype-pdftex.def 2016/05/14 v2.6a Definitions specific to pdftex (RS)

LaTeX Info: Redefining \lsstyle on input line 916.
LaTeX Info: Redefining \lslig on input line 916.
\MT@outer@space=\skip94
)
Package microtype Info: Loading configuration file microtype.cfg.

(/usr/local/texlive/2016/texmf-dist/tex/latex/microtype/microtype.cfg
File: microtype.cfg 2016/05/14 v2.6a microtype main configuration file (RS)
))
(/usr/local/texlive/2016/texmf-dist/tex/latex/amsmath/amsmath.sty
Package: amsmath 2016/03/10 v2.15b AMS math features
\@mathmargin=\skip95

For additional information on amsmath, use the `?' option.
(/usr/local/texlive/2016/texmf-dist/tex/latex/amsmath/amstext.sty
Package: amstext 2000/06/29 v2.01 AMS text

(/usr/local/texlive/2016/texmf-dist/tex/latex/amsmath/amsgen.sty
File: amsgen.sty 1999/11/30 v2.0 generic functions
\@emptytoks=\toks16
\ex@=\dimen106
))
(/usr/local/texlive/2016/texmf-dist/tex/latex/amsmath/amsbsy.sty
Package: amsbsy 1999/11/29 v1.2d Bold Symbols
\pmbraise@=\dimen107
)
(/usr/local/texlive/2016/texmf-dist/tex/latex/amsmath/amsopn.sty
Package: amsopn 2016/03/08 v2.02 operator names
)
\inf@bad=\count95
LaTeX Info: Redefining \frac on input line 199.
\uproot@=\count96
\leftroot@=\count97
LaTeX Info: Redefining \overline on input line 297.
\classnum@=\count98
\DOTSCASE@=\count99
LaTeX Info: Redefining \ldots on input line 394.
LaTeX Info: Redefining \dots on input line 397.
LaTeX Info: Redefining \cdots on input line 518.
\Mathstrutbox@=\box27
\strutbox@=\box28
\big@size=\dimen108
LaTeX Font Info:    Redeclaring font encoding OML on input line 634.
LaTeX Font Info:    Redeclaring font encoding OMS on input line 635.
\macc@depth=\count100
\c@MaxMatrixCols=\count101
\dotsspace@=\muskip10
\c@parentequation=\count102
\dspbrk@lvl=\count103
\tag@help=\toks17
\row@=\count104
\column@=\count105
\maxfields@=\count106
\andhelp@=\toks18
\eqnshift@=\dimen109
\alignsep@=\dimen110
\tagshift@=\dimen111
\tagwidth@=\dimen112
\totwidth@=\dimen113
\lineht@=\dimen114
\@envbody=\toks19
\multlinegap=\skip96
\multlinetaggap=\skip97
\mathdisplay@stack=\toks20
LaTeX Info: Redefining \[ on input line 2739.
LaTeX Info: Redefining \] on input line 2740.
)
(/usr/local/texlive/2016/texmf-dist/tex/latex/amsfonts/amssymb.sty
Package: amssymb 2013/01/14 v3.01 AMS font symbols

(/usr/local/texlive/2016/texmf-dist/tex/latex/amsfonts/amsfonts.sty
Package: amsfonts 2013/01/14 v3.01 Basic AMSFonts support
\symAMSa=\mathgroup4
\symAMSb=\mathgroup5
LaTeX Font Info:    Overwriting math alphabet `\mathfrak' in version `bold'
(Font)                  U/euf/m/n --> U/euf/b/n on input line 106.
))
(/usr/local/texlive/2016/texmf-dist/tex/latex/amscls/amsthm.sty
Package: amsthm 2015/03/04 v2.20.2
\thm@style=\toks21
\thm@bodyfont=\toks22
\thm@headfont=\toks23
\thm@notefont=\toks24
\thm@headpunct=\toks25
\thm@preskip=\skip98
\thm@postskip=\skip99
\thm@headsep=\skip100
\dth@everypar=\toks26
)
(/usr/local/texlive/2016/texmf-dist/tex/latex/base/exscale.sty
Package: exscale 2014/09/29 v2.1h Standard LaTeX package exscale
LaTeX Font Info:    Redeclaring symbol font `largesymbols' on input line 57.
LaTeX Font Info:    Overwriting symbol font `largesymbols' in version `normal'
(Font)                  OMX/lmex/m/n --> OMX/cmex/m/n on input line 57.
LaTeX Font Info:    Overwriting symbol font `largesymbols' in version `bold'
(Font)                  OMX/lmex/m/n --> OMX/cmex/m/n on input line 57.
\big@size=\dimen115
)
(/usr/local/texlive/2016/texmf-dist/tex/latex/amsfonts/eucal.sty
Package: eucal 2009/06/22 v3.00 Euler Script fonts
LaTeX Font Info:    Overwriting math alphabet `\EuScript' in version `bold'
(Font)                  U/eus/m/n --> U/eus/b/n on input line 33.
)
(/usr/local/texlive/2016/texmf-dist/tex/latex/tools/bm.sty
Package: bm 2016/02/27 v1.2a Bold Symbol Support (DPC/FMi)
\symboldoperators=\mathgroup6
\symboldletters=\mathgroup7
\symboldsymbols=\mathgroup8
LaTeX Font Info:    Redeclaring math alphabet \mathbf on input line 142.
LaTeX Info: Redefining \bm on input line 208.
)
(/usr/local/texlive/2016/texmf-dist/tex/latex/eqlist/eqlist.sty
eqlist.sty by M. Vaeth: Revision 2.1
Package: eqlist 2002/08/15 v2.1
(/usr/local/texlive/2016/texmf-dist/tex/latex/eqparbox/eqparbox.sty
Package: eqparbox 2013/03/15 v4.0 Create equal-widthed boxes
\eqp@tempdima=\skip101
\eqp@tempdimb=\skip102

(/usr/local/texlive/2016/texmf-dist/tex/latex/tools/array.sty
Package: array 2014/10/28 v2.4c Tabular extension package (FMi)
\col@sep=\dimen116
\extrarowheight=\dimen117
\NC@list=\toks27
\extratabsurround=\skip103
\backup@length=\skip104
)
\eqp@tabular@box=\box29
\eqp@list@box=\box30
\eqp@list@indent=\skip105

(/usr/local/texlive/2016/texmf-dist/tex/latex/environ/environ.sty
Package: environ 2014/05/04 v0.3 A new way to define environments

(/usr/local/texlive/2016/texmf-dist/tex/latex/trimspaces/trimspaces.sty
Package: trimspaces 2009/09/17 v1.1 Trim spaces around a token list
)))
\eql@cnt=\count107
)
(/usr/local/texlive/2016/texmf-dist/tex/latex/graphics/graphicx.sty
Package: graphicx 2014/10/28 v1.0g Enhanced LaTeX Graphics (DPC,SPQR)

(/usr/local/texlive/2016/texmf-dist/tex/latex/graphics/graphics.sty
Package: graphics 2016/05/09 v1.0r Standard LaTeX Graphics (DPC,SPQR)

(/usr/local/texlive/2016/texmf-dist/tex/latex/graphics/trig.sty
Package: trig 2016/01/03 v1.10 sin cos tan (DPC)
)
(/usr/local/texlive/2016/texmf-dist/tex/latex/graphics-cfg/graphics.cfg
File: graphics.cfg 2016/01/02 v1.10 sample graphics configuration
)
Package graphics Info: Driver file: pdftex.def on input line 96.

(/usr/local/texlive/2016/texmf-dist/tex/latex/pdftex-def/pdftex.def
File: pdftex.def 2011/05/27 v0.06d Graphics/color for pdfTeX

(/usr/local/texlive/2016/texmf-dist/tex/generic/oberdiek/infwarerr.sty
Package: infwarerr 2016/05/16 v1.4 Providing info/warning/error messages (HO)
)
(/usr/local/texlive/2016/texmf-dist/tex/generic/oberdiek/ltxcmds.sty
Package: ltxcmds 2016/05/16 v1.23 LaTeX kernel commands for general use (HO)
)
\Gread@gobject=\count108
))
\Gin@req@height=\dimen118
\Gin@req@width=\dimen119
)
(/usr/local/texlive/2016/texmf-dist/tex/latex/graphics/color.sty
Package: color 2016/05/09 v1.1c Standard LaTeX Color (DPC)

(/usr/local/texlive/2016/texmf-dist/tex/latex/graphics-cfg/color.cfg
File: color.cfg 2016/01/02 v1.6 sample color configuration
)
Package color Info: Driver file: pdftex.def on input line 144.

(/usr/local/texlive/2016/texmf-dist/tex/latex/graphics/dvipsnam.def
File: dvipsnam.def 2015/12/30 v3.0k Driver-dependent file (DPC,SPQR)
))
(/usr/local/texlive/2016/texmf-dist/tex/latex/float/float.sty
Package: float 2001/11/08 v1.3d Float enhancements (AL)
\c@float@type=\count109
\float@exts=\toks28
\float@box=\box31
\@float@everytoks=\toks29
\@floatcapt=\box32
)
(/usr/local/texlive/2016/texmf-dist/tex/latex/was/gensymb.sty
Package: gensymb 2003/07/02 v1.0 (WaS)
)
(/usr/local/texlive/2016/texmf-dist/tex/latex/tools/longtable.sty
Package: longtable 2014/10/28 v4.11 Multi-page Table package (DPC)
\LTleft=\skip106
\LTright=\skip107
\LTpre=\skip108
\LTpost=\skip109
\LTchunksize=\count110
\LTcapwidth=\dimen120
\LT@head=\box33
\LT@firsthead=\box34
\LT@foot=\box35
\LT@lastfoot=\box36
\LT@cols=\count111
\LT@rows=\count112
\c@LT@tables=\count113
\c@LT@chunks=\count114
\LT@p@ftn=\toks30
)
(/usr/local/texlive/2016/texmf-dist/tex/latex/wasysym/wasysym.sty
Package: wasysym 2003/10/30 v2.0 Wasy-2 symbol support package
\symwasy=\mathgroup9
LaTeX Font Info:    Overwriting symbol font `wasy' in version `bold'
(Font)                  U/wasy/m/n --> U/wasy/b/n on input line 90.
)
(/usr/local/texlive/2016/texmf-dist/tex/latex/cite/cite.sty
LaTeX Info: Redefining \cite on input line 302.
LaTeX Info: Redefining \nocite on input line 332.
Package: cite 2015/02/27  v 5.5
)
(/usr/local/texlive/2016/texmf-dist/tex/latex/titlesec/titlesec.sty
Package: titlesec 2016/03/21 v2.10.2 Sectioning titles
\ttl@box=\box37
\beforetitleunit=\skip110
\aftertitleunit=\skip111
\ttl@plus=\dimen121
\ttl@minus=\dimen122
\ttl@toksa=\toks31
\titlewidth=\dimen123
\titlewidthlast=\dimen124
\titlewidthfirst=\dimen125
)
(/usr/local/texlive/2016/texmf-dist/tex/latex/hyperref/hyperref.sty
Package: hyperref 2016/05/05 v6.83n Hypertext links for LaTeX

(/usr/local/texlive/2016/texmf-dist/tex/generic/oberdiek/hobsub-hyperref.sty
Package: hobsub-hyperref 2016/05/16 v1.14 Bundle oberdiek, subset hyperref (HO)


(/usr/local/texlive/2016/texmf-dist/tex/generic/oberdiek/hobsub-generic.sty
Package: hobsub-generic 2016/05/16 v1.14 Bundle oberdiek, subset generic (HO)
Package: hobsub 2016/05/16 v1.14 Construct package bundles (HO)
Package hobsub Info: Skipping package `infwarerr' (already loaded).
Package hobsub Info: Skipping package `ltxcmds' (already loaded).
Package: ifluatex 2016/05/16 v1.4 Provides the ifluatex switch (HO)
Package ifluatex Info: LuaTeX not detected.
Package: ifvtex 2016/05/16 v1.6 Detect VTeX and its facilities (HO)
Package ifvtex Info: VTeX not detected.
Package: intcalc 2016/05/16 v1.2 Expandable calculations with integers (HO)
Package: ifpdf 2016/05/14 v3.1 Provides the ifpdf switch
Package: etexcmds 2016/05/16 v1.6 Avoid name clashes with e-TeX commands (HO)
Package etexcmds Info: Could not find \expanded.
(etexcmds)             That can mean that you are not using pdfTeX 1.50 or
(etexcmds)             that some package has redefined \expanded.
(etexcmds)             In the latter case, load this package earlier.
Package: kvsetkeys 2016/05/16 v1.17 Key value parser (HO)
Package: kvdefinekeys 2016/05/16 v1.4 Define keys (HO)
Package: pdftexcmds 2016/05/10 v0.21 Utility functions of pdfTeX for LuaTeX (HO
)
Package pdftexcmds Info: LuaTeX not detected.
Package pdftexcmds Info: \pdf@primitive is available.
Package pdftexcmds Info: \pdf@ifprimitive is available.
Package pdftexcmds Info: \pdfdraftmode found.
Package: pdfescape 2016/05/16 v1.14 Implements pdfTeX's escape features (HO)
Package: bigintcalc 2016/05/16 v1.4 Expandable calculations on big integers (HO
)
Package: bitset 2016/05/16 v1.2 Handle bit-vector datatype (HO)
Package: uniquecounter 2016/05/16 v1.3 Provide unlimited unique counter (HO)
)
Package hobsub Info: Skipping package `hobsub' (already loaded).
Package: letltxmacro 2016/05/16 v1.5 Let assignment for LaTeX macros (HO)
Package: hopatch 2016/05/16 v1.3 Wrapper for package hooks (HO)
Package: xcolor-patch 2016/05/16 xcolor patch
Package: atveryend 2016/05/16 v1.9 Hooks at the very end of document (HO)
Package atveryend Info: \enddocument detected (standard20110627).
Package: atbegshi 2016/05/16 v1.17 At begin shipout hook (HO)
Package: refcount 2016/05/16 v3.5 Data extraction from label references (HO)
Package: hycolor 2016/05/16 v1.8 Color options for hyperref/bookmark (HO)
)
(/usr/local/texlive/2016/texmf-dist/tex/generic/ifxetex/ifxetex.sty
Package: ifxetex 2010/09/12 v0.6 Provides ifxetex conditional
)
(/usr/local/texlive/2016/texmf-dist/tex/latex/oberdiek/auxhook.sty
Package: auxhook 2016/05/16 v1.4 Hooks for auxiliary files (HO)
)
(/usr/local/texlive/2016/texmf-dist/tex/latex/oberdiek/kvoptions.sty
Package: kvoptions 2016/05/16 v3.12 Key value format for package options (HO)
)
\@linkdim=\dimen126
\Hy@linkcounter=\count115
\Hy@pagecounter=\count116

(/usr/local/texlive/2016/texmf-dist/tex/latex/hyperref/pd1enc.def
File: pd1enc.def 2016/05/05 v6.83n Hyperref: PDFDocEncoding definition (HO)
)
\Hy@SavedSpaceFactor=\count117

(/usr/local/texlive/2016/texmf-dist/tex/latex/latexconfig/hyperref.cfg
File: hyperref.cfg 2002/06/06 v1.2 hyperref configuration of TeXLive
)
Package hyperref Info: Hyper figures OFF on input line 4446.
Package hyperref Info: Link nesting OFF on input line 4451.
Package hyperref Info: Hyper index ON on input line 4454.
Package hyperref Info: Plain pages OFF on input line 4461.
Package hyperref Info: Backreferencing OFF on input line 4466.
Package hyperref Info: Implicit mode ON; LaTeX internals redefined.
Package hyperref Info: Bookmarks ON on input line 4691.
\c@Hy@tempcnt=\count118

(/usr/local/texlive/2016/texmf-dist/tex/latex/url/url.sty
\Urlmuskip=\muskip11
Package: url 2013/09/16  ver 3.4  Verb mode for urls, etc.
)
LaTeX Info: Redefining \url on input line 5044.
\XeTeXLinkMargin=\dimen127
\Fld@menulength=\count119
\Field@Width=\dimen128
\Fld@charsize=\dimen129
Package hyperref Info: Hyper figures OFF on input line 6298.
Package hyperref Info: Link nesting OFF on input line 6303.
Package hyperref Info: Hyper index ON on input line 6306.
Package hyperref Info: backreferencing OFF on input line 6313.
Package hyperref Info: Link coloring OFF on input line 6318.
Package hyperref Info: Link coloring with OCG OFF on input line 6323.
Package hyperref Info: PDF/A mode OFF on input line 6328.
LaTeX Info: Redefining \ref on input line 6368.
LaTeX Info: Redefining \pageref on input line 6372.
\Hy@abspage=\count120
\c@Item=\count121
\c@Hfootnote=\count122
)

Package hyperref Message: Driver (autodetected): hpdftex.

(/usr/local/texlive/2016/texmf-dist/tex/latex/hyperref/hpdftex.def
File: hpdftex.def 2016/05/05 v6.83n Hyperref driver for pdfTeX
\Fld@listcount=\count123
\c@bookmark@seq@number=\count124

(/usr/local/texlive/2016/texmf-dist/tex/latex/oberdiek/rerunfilecheck.sty
Package: rerunfilecheck 2016/05/16 v1.8 Rerun checks for auxiliary files (HO)
Package uniquecounter Info: New unique counter `rerunfilecheck' on input line 2
82.
)
\Hy@SectionHShift=\skip112
)
(./SupplementaryMaterial/UserDefinedCommands.tex)
(/usr/local/texlive/2016/texmf-dist/tex/latex/titlesec/block.tss
File: block.tss 2016/03/15
)
(/usr/local/texlive/2016/texmf-dist/tex/latex/listings/listings.sty
\lst@mode=\count125
\lst@gtempboxa=\box38
\lst@token=\toks32
\lst@length=\count126
\lst@currlwidth=\dimen130
\lst@column=\count127
\lst@pos=\count128
\lst@lostspace=\dimen131
\lst@width=\dimen132
\lst@newlines=\count129
\lst@lineno=\count130
\lst@maxwidth=\dimen133

(/usr/local/texlive/2016/texmf-dist/tex/latex/listings/lstmisc.sty
File: lstmisc.sty 2015/06/04 1.6 (Carsten Heinz)
\c@lstnumber=\count131
\lst@skipnumbers=\count132
\lst@framebox=\box39
)
(/usr/local/texlive/2016/texmf-dist/tex/latex/listings/listings.cfg
File: listings.cfg 2015/06/04 1.6 listings configuration
))
Package: listings 2015/06/04 1.6 (Carsten Heinz)

(./Cassie Marker-Dissertation.aux (./Chapter-1/Chapter-1.aux)
(./Chapter-2/Chapter-2.aux) (./Chapter-3/Chapter-3.aux

LaTeX Warning: Label `Ch3-table:hof' multiply defined.


LaTeX Warning: Label `Ch3-table:ip' multiply defined.


LaTeX Warning: Label `Ch3-table:ip' multiply defined.


LaTeX Warning: Label `Ch3-table:ip' multiply defined.


LaTeX Warning: Label `Ch3-table:ip' multiply defined.

) (./Chapter-4/Chapter-4.aux) (./Chapter-5/Chapter-5.aux

LaTeX Warning: Label `Ch5-table:tixelasdata' multiply defined.


LaTeX Warning: Label `Ch5-table:tixelasdata' multiply defined.

) (./Chapter-6/Chapter-6.aux

LaTeX Warning: Label `Ch6-table:tixyelasdata' multiply defined.


LaTeX Warning: Label `Ch6-table:tixyelasdata' multiply defined.

) (./Chapter-7/Chapter-7.aux

LaTeX Warning: Label `Ch7-table:tinbdata' multiply defined.

) (./Chapter-8/Chapter-8.aux) (./Appendix-A/Appendix-A.aux

LaTeX Warning: Label `ab-table:timonbtazr1' multiply defined.


LaTeX Warning: Label `ab-table:timonbtazr1' multiply defined.


LaTeX Warning: Label `ab-table:timonbtazr1' multiply defined.


LaTeX Warning: Label `ab-table:timonbtazr1' multiply defined.


LaTeX Warning: Label `ab-table:timonbtazr1' multiply defined.


LaTeX Warning: Label `ab-table:timonbtazr1' multiply defined.


LaTeX Warning: Label `ab-table:timonbtazr1' multiply defined.


LaTeX Warning: Label `ab-table:timonbtazr1' multiply defined.


LaTeX Warning: Label `ab-table:timonbtazr1' multiply defined.


LaTeX Warning: Label `ab-table:timonbtazr1' multiply defined.


LaTeX Warning: Label `ab-table:timonbtazr1' multiply defined.


LaTeX Warning: Label `ab-table:timonbtazr1' multiply defined.


LaTeX Warning: Label `ab-table:timonbtazr1' multiply defined.


LaTeX Warning: Label `ab-table:timonbtazr1' multiply defined.


LaTeX Warning: Label `ab-table:timonbtazr1' multiply defined.


LaTeX Warning: Label `ab-table:timonbtazr1' multiply defined.

) (./Appendix-B/Appendix-B.aux

LaTeX Warning: Label `ab-table:snta1' multiply defined.


LaTeX Warning: Label `ab-table:snta1' multiply defined.


LaTeX Warning: Label `ab-table:snta1' multiply defined.


LaTeX Warning: Label `ab-table:snta1' multiply defined.


LaTeX Warning: Label `ab-table:snta1' multiply defined.


LaTeX Warning: Label `ab-table:snta1' multiply defined.

) (./Appendix-C/Appendix-C.aux) (./Appendix-D/Appendix-D.aux))
\openout1 = `"Cassie Marker-Dissertation.aux"'.

LaTeX Font Info:    Checking defaults for OML/cmm/m/it on input line 249.
LaTeX Font Info:    ... okay on input line 249.
LaTeX Font Info:    Checking defaults for T1/cmr/m/n on input line 249.
LaTeX Font Info:    ... okay on input line 249.
LaTeX Font Info:    Checking defaults for OT1/cmr/m/n on input line 249.
LaTeX Font Info:    ... okay on input line 249.
LaTeX Font Info:    Checking defaults for OMS/cmsy/m/n on input line 249.
LaTeX Font Info:    ... okay on input line 249.
LaTeX Font Info:    Checking defaults for OMX/cmex/m/n on input line 249.
LaTeX Font Info:    ... okay on input line 249.
LaTeX Font Info:    Checking defaults for U/cmr/m/n on input line 249.
LaTeX Font Info:    ... okay on input line 249.
LaTeX Font Info:    Checking defaults for TS1/cmr/m/n on input line 249.
LaTeX Font Info:    Try loading font information for TS1+cmr on input line 249.


(/usr/local/texlive/2016/texmf-dist/tex/latex/base/ts1cmr.fd
File: ts1cmr.fd 2014/09/29 v2.5h Standard LaTeX font definitions
)
LaTeX Font Info:    ... okay on input line 249.
LaTeX Font Info:    Checking defaults for PD1/pdf/m/n on input line 249.
LaTeX Font Info:    ... okay on input line 249.
LaTeX Font Info:    Try loading font information for T1+lmr on input line 249.

(/usr/local/texlive/2016/texmf-dist/tex/latex/lm/t1lmr.fd
File: t1lmr.fd 2009/10/30 v1.6 Font defs for Latin Modern
)
LaTeX Info: Redefining \microtypecontext on input line 249.
Package microtype Info: Generating PDF output.
Package microtype Info: Character protrusion enabled (level 2).
Package microtype Info: Using default protrusion set `alltext'.
Package microtype Info: Automatic font expansion enabled (level 2),
(microtype)             stretch: 20, shrink: 20, step: 1, non-selected.
Package microtype Info: Using default expansion set `basictext'.
Package microtype Info: No adjustment of tracking.
Package microtype Info: No adjustment of interword spacing.
Package microtype Info: No adjustment of character kerning.

(/usr/local/texlive/2016/texmf-dist/tex/latex/microtype/mt-cmr.cfg
File: mt-cmr.cfg 2013/05/19 v2.2 microtype config. file: Computer Modern Roman 
(RS)
)
(/usr/local/texlive/2016/texmf-dist/tex/context/base/mkii/supp-pdf.mkii
[Loading MPS to PDF converter (version 2006.09.02).]
\scratchcounter=\count133
\scratchdimen=\dimen134
\scratchbox=\box40
\nofMPsegments=\count134
\nofMParguments=\count135
\everyMPshowfont=\toks33
\MPscratchCnt=\count136
\MPscratchDim=\dimen135
\MPnumerator=\count137
\makeMPintoPDFobject=\count138
\everyMPtoPDFconversion=\toks34
) (/usr/local/texlive/2016/texmf-dist/tex/latex/oberdiek/epstopdf-base.sty
Package: epstopdf-base 2016/05/15 v2.6 Base part for package epstopdf

(/usr/local/texlive/2016/texmf-dist/tex/latex/oberdiek/grfext.sty
Package: grfext 2016/05/16 v1.2 Manage graphics extensions (HO)
)
Package grfext Info: Graphics extension search list:
(grfext)             [.pdf,.jpg,.eps]
(grfext)             \AppendGraphicsExtensions on input line 456.

(/usr/local/texlive/2016/texmf-dist/tex/latex/latexconfig/epstopdf-sys.cfg
File: epstopdf-sys.cfg 2010/07/13 v1.3 Configuration of (r)epstopdf for TeX Liv
e
))
\symgns@font=\mathgroup10
LaTeX Font Info:    Overwriting symbol font `gns@font' in version `bold'
(Font)                  TS1/lmr/m/n --> TS1/lmr/bx/n on input line 249.
Package gensymb Info: Math companion symbols declared on input line 249.
LaTeX Info: Redefining \degree on input line 249.
LaTeX Info: Redefining \celsius on input line 249.
Package gensymb Info: Using text companion symbols for \degree, \celsius and \p
erthousand on input line 249.
LaTeX Info: Redefining \ohm on input line 249.
Package gensymb Info: Using \textohm for \ohm on input line 249.
Package gensymb Info: Using \textmu for \micro on input line 249.
\AtBeginShipoutBox=\box41
Package hyperref Info: Link coloring OFF on input line 249.

(/usr/local/texlive/2016/texmf-dist/tex/latex/hyperref/nameref.sty
Package: nameref 2012/10/27 v2.43 Cross-referencing by name of section

(/usr/local/texlive/2016/texmf-dist/tex/generic/oberdiek/gettitlestring.sty
Package: gettitlestring 2016/05/16 v1.5 Cleanup title references (HO)
)
\c@section@level=\count139
)
LaTeX Info: Redefining \ref on input line 249.
LaTeX Info: Redefining \pageref on input line 249.
LaTeX Info: Redefining \nameref on input line 249.

(./Cassie Marker-Dissertation.out) (./Cassie Marker-Dissertation.out)
\@outlinefile=\write3
\openout3 = `"Cassie Marker-Dissertation.out"'.

\c@lstlisting=\count140
LaTeX Font Info:    Try loading font information for TS1+lmr on input line 271.


(/usr/local/texlive/2016/texmf-dist/tex/latex/lm/ts1lmr.fd
File: ts1lmr.fd 2009/10/30 v1.6 Font defs for Latin Modern
) [1


{/usr/local/texlive/2016/texmf-var/fonts/map/pdftex/updmap/pdftex.map}]
LaTeX Font Info:    Try loading font information for OT1+lmr on input line 276.


(/usr/local/texlive/2016/texmf-dist/tex/latex/lm/ot1lmr.fd
File: ot1lmr.fd 2009/10/30 v1.6 Font defs for Latin Modern
)
LaTeX Font Info:    Try loading font information for OML+lmm on input line 276.


(/usr/local/texlive/2016/texmf-dist/tex/latex/lm/omllmm.fd
File: omllmm.fd 2009/10/30 v1.6 Font defs for Latin Modern
)
LaTeX Font Info:    Try loading font information for OMS+lmsy on input line 276
.

(/usr/local/texlive/2016/texmf-dist/tex/latex/lm/omslmsy.fd
File: omslmsy.fd 2009/10/30 v1.6 Font defs for Latin Modern
)
LaTeX Font Info:    External font `cmex7' loaded for size
(Font)              <6> on input line 276.
LaTeX Font Info:    Try loading font information for U+msa on input line 276.

(/usr/local/texlive/2016/texmf-dist/tex/latex/amsfonts/umsa.fd
File: umsa.fd 2013/01/14 v3.01 AMS symbols A
)
(/usr/local/texlive/2016/texmf-dist/tex/latex/microtype/mt-msa.cfg
File: mt-msa.cfg 2006/02/04 v1.1 microtype config. file: AMS symbols (a) (RS)
)
LaTeX Font Info:    Try loading font information for U+msb on input line 276.

(/usr/local/texlive/2016/texmf-dist/tex/latex/amsfonts/umsb.fd
File: umsb.fd 2013/01/14 v3.01 AMS symbols B
)
(/usr/local/texlive/2016/texmf-dist/tex/latex/microtype/mt-msb.cfg
File: mt-msb.cfg 2005/06/01 v1.0 microtype config. file: AMS symbols (b) (RS)
)
LaTeX Font Info:    Try loading font information for U+wasy on input line 276.

(/usr/local/texlive/2016/texmf-dist/tex/latex/wasysym/uwasy.fd
File: uwasy.fd 2003/10/30 v2.0 Wasy-2 symbol font definitions
) [2]
LaTeX Font Info:    Try loading font information for T1+lmss on input line 280.


(/usr/local/texlive/2016/texmf-dist/tex/latex/lm/t1lmss.fd
File: t1lmss.fd 2009/10/30 v1.6 Font defs for Latin Modern
)
Package microtype Info: Loading generic settings for font family
(microtype)             `lmss' (encoding: T1).
(microtype)             For optimal results, create family-specific settings.
(microtype)             See the microtype manual for details.

(./SupplementaryMaterial/Abstract.tex [3

] [4]) [5]
(./Cassie Marker-Dissertation.toc [6

] [7] [8])
\tf@toc=\write4
\openout4 = `"Cassie Marker-Dissertation.toc"'.

 [9]
(./Cassie Marker-Dissertation.lof [10


] [11] [12]

LaTeX Warning: Reference `Ch5-table:elasip' on page xiii undefined on input lin
e 38.

[13]

LaTeX Warning: Reference `Ch5-table:elasdata' on page xiv undefined on input li
ne 45.

[14] [15] [16])
\tf@lof=\write5
\openout5 = `"Cassie Marker-Dissertation.lof"'.

 [17] (./Cassie Marker-Dissertation.lot [18


] [19])
\tf@lot=\write6
\openout6 = `"Cassie Marker-Dissertation.lot"'.

 [20] [21]
(./SupplementaryMaterial/Acknowledgments.tex) [22


]
(./SupplementaryMaterial/Dedication.tex) [23

]
\openout2 = `Chapter-1/Chapter-1.aux'.

 (./Chapter-1/Chapter-1.tex
Chapter 1.

Package hyperref Warning: Token not allowed in a PDF string (PDFDocEncoding):
(hyperref)                removing `\tolerance' on input line 5.


Package hyperref Warning: Token not allowed in a PDF string (PDFDocEncoding):
(hyperref)                removing `\emergencystretch' on input line 5.


Package hyperref Warning: Token not allowed in a PDF string (PDFDocEncoding):
(hyperref)                removing `\hfuzz' on input line 5.


Package hyperref Warning: Token not allowed in a PDF string (PDFDocEncoding):
(hyperref)                removing `\p@' on input line 5.


Package hyperref Warning: Token not allowed in a PDF string (PDFDocEncoding):
(hyperref)                removing `\vfuzz' on input line 5.


Package hyperref Warning: Token not allowed in a PDF string (PDFDocEncoding):
(hyperref)                removing `\hfuzz' on input line 5.

[1



]

Package hyperref Warning: Difference (2) between bookmark levels is greater 
(hyperref)                than one, level fixed on input line 16.

[2] [3] [4] [5] [6] [7] [8]
<Chapter-1/Figures/TiTaElastic.png, id=1273, 327.1422pt x 317.0244pt>
File: Chapter-1/Figures/TiTaElastic.png Graphic file (type png)

<use Chapter-1/Figures/TiTaElastic.png>
Package pdftex.def Info: Chapter-1/Figures/TiTaElastic.png used on input line 8
2.
(pdftex.def)             Requested size: 419.16621pt x 406.22037pt.
) [9

 <./Chapter-1/Figures/TiTaElastic.png>]
\openout2 = `Chapter-2/Chapter-2.aux'.

 (./Chapter-2/Chapter-2.tex
Chapter 2.
[10



] [11]
LaTeX Font Info:    External font `cmex7' loaded for size
(Font)              <7> on input line 53.


Package hyperref Warning: Token not allowed in a PDF string (PDFDocEncoding):
(hyperref)                removing `math shift' on input line 53.


Package hyperref Warning: Token not allowed in a PDF string (PDFDocEncoding):
(hyperref)                removing `superscript' on input line 53.


Package hyperref Warning: Token not allowed in a PDF string (PDFDocEncoding):
(hyperref)                removing `\circ' on input line 53.


Package hyperref Warning: Token not allowed in a PDF string (PDFDocEncoding):
(hyperref)                removing `math shift' on input line 53.

[12] [13] [14] [15] [16] [17] [18] [19] [20] [21] [22] [23]
<Chapter-2/Figures/PBEvsPW91.png, id=1473, 493.845pt x 363.2772pt>
File: Chapter-2/Figures/PBEvsPW91.png Graphic file (type png)

<use Chapter-2/Figures/PBEvsPW91.png>
Package pdftex.def Info: Chapter-2/Figures/PBEvsPW91.png used on input line 432
.
(pdftex.def)             Requested size: 419.16621pt x 308.33809pt.
) [24 <./Chapter-2/Figures/PBEvsPW91.png>]
\openout2 = `Chapter-3/Chapter-3.aux'.

(./Chapter-3/Chapter-3.tex
Chapter 3.

Overfull \hbox (6.90193pt too wide) in paragraph at lines 1--1
|\T1/lmss/bx/n/30 Ti-Mo-Nb-Sn-Ta-Zr Ther-mo-dy-
 []

[25



] [26] [27] [28] [29]

LaTeX Warning: Reference `table:ip' on page 30 undefined on input line 41.

[30] [31] [32] [33] [34] [35] [36]
Overfull \hbox (3.48338pt too wide) in paragraph at lines 79--96
 [][] 
 []

[37] [38

] [39]
Overfull \hbox (65.41408pt too wide) in alignment at lines 146--151
 [] [] [] 
 []


Overfull \hbox (65.41408pt too wide) in alignment at lines 151--153
 [] [] [] 
 []


Overfull \hbox (65.41408pt too wide) in alignment at lines 153--174
 [] [] [] 
 []


Overfull \hbox (65.41408pt too wide) in alignment at lines 174--194
 [] [] [] 
 []


Overfull \hbox (65.41408pt too wide) in alignment at lines 194--214
 [] [] [] 
 []

[40]
Overfull \hbox (65.41408pt too wide) in alignment at lines 214--234
 [] [] [] 
 []

[41]
Overfull \hbox (65.41408pt too wide) in alignment at lines 234--254
 [] [] [] 
 []


Overfull \hbox (65.41408pt too wide) in alignment at lines 254--267
 [] [] [] 
 []

[42] [43] [44] <Chapter-3/Figures/TiMo.png, id=1772, 450.483pt x 210.0648pt>
File: Chapter-3/Figures/TiMo.png Graphic file (type png)

<use Chapter-3/Figures/TiMo.png>
Package pdftex.def Info: Chapter-3/Figures/TiMo.png used on input line 276.
(pdftex.def)             Requested size: 419.16621pt x 195.46402pt.
 [45 <./Chapter-3/Figures/TiMo.png>]
<Chapter-3/Figures/TiNb.png, id=1782, 475.0548pt x 233.1912pt>
File: Chapter-3/Figures/TiNb.png Graphic file (type png)

<use Chapter-3/Figures/TiNb.png>
Package pdftex.def Info: Chapter-3/Figures/TiNb.png used on input line 286.
(pdftex.def)             Requested size: 419.16621pt x 205.76395pt.
 [46 <./Chapter-3/Figures/TiNb.png>]
<Chapter-3/Figures/TiTa.png, id=1792, 490.9542pt x 242.8272pt>
File: Chapter-3/Figures/TiTa.png Graphic file (type png)

<use Chapter-3/Figures/TiTa.png>
Package pdftex.def Info: Chapter-3/Figures/TiTa.png used on input line 296.
(pdftex.def)             Requested size: 419.16621pt x 207.32669pt.
 [47 <./Chapter-3/Figures/TiTa.png>]
<Chapter-3/Figures/TiZr.png, id=1802, 455.301pt x 229.8186pt>
File: Chapter-3/Figures/TiZr.png Graphic file (type png)

<use Chapter-3/Figures/TiZr.png>
Package pdftex.def Info: Chapter-3/Figures/TiZr.png used on input line 306.
(pdftex.def)             Requested size: 419.16621pt x 211.58647pt.
 [48 <./Chapter-3/Figures/TiZr.png>]
<Chapter-3/Figures/binary1.png, id=1810, 472.164pt x 487.0998pt>
File: Chapter-3/Figures/binary1.png Graphic file (type png)

<use Chapter-3/Figures/binary1.png>
Package pdftex.def Info: Chapter-3/Figures/binary1.png used on input line 317.
(pdftex.def)             Requested size: 419.16621pt x 432.42487pt.
 [49 <./Chapter-3/Figures/binary1.png>]
<Chapter-3/Figures/binary2.png, id=1822, 472.6458pt x 485.6544pt>
File: Chapter-3/Figures/binary2.png Graphic file (type png)

<use Chapter-3/Figures/binary2.png>
Package pdftex.def Info: Chapter-3/Figures/binary2.png used on input line 327.
(pdftex.def)             Requested size: 419.16621pt x 430.71931pt.
 [50 <./Chapter-3/Figures/binary2.png>]
<Chapter-3/Figures/TiMoNb.png, id=1837, 496.254pt x 263.5446pt>
File: Chapter-3/Figures/TiMoNb.png Graphic file (type png)

<use Chapter-3/Figures/TiMoNb.png>
Package pdftex.def Info: Chapter-3/Figures/TiMoNb.png used on input line 337.
(pdftex.def)             Requested size: 419.16621pt x 222.60648pt.
 [51 <./Chapter-3/Figures/TiMoNb.png>]
<Chapter-3/Figures/TiMoTa1.png, id=1843, 457.2282pt x 248.127pt>
File: Chapter-3/Figures/TiMoTa1.png Graphic file (type png)

<use Chapter-3/Figures/TiMoTa1.png>
Package pdftex.def Info: Chapter-3/Figures/TiMoTa1.png used on input line 347.
(pdftex.def)             Requested size: 419.16621pt x 227.47314pt.
 [52 <./Chapter-3/Figures/TiMoTa1.png>]
<Chapter-3/Figures/TiMoTa2.png, id=1849, 498.1812pt x 234.6366pt>
File: Chapter-3/Figures/TiMoTa2.png Graphic file (type png)

<use Chapter-3/Figures/TiMoTa2.png>
Package pdftex.def Info: Chapter-3/Figures/TiMoTa2.png used on input line 357.
(pdftex.def)             Requested size: 419.16621pt x 197.42993pt.
 [53 <./Chapter-3/Figures/TiMoTa2.png>]
<Chapter-3/Figures/TiMoZr.png, id=1857, 475.0548pt x 273.1806pt>
File: Chapter-3/Figures/TiMoZr.png Graphic file (type png)

<use Chapter-3/Figures/TiMoZr.png>
Package pdftex.def Info: Chapter-3/Figures/TiMoZr.png used on input line 367.
(pdftex.def)             Requested size: 419.16621pt x 241.04993pt.
 [54 <./Chapter-3/Figures/TiMoZr.png>]
<Chapter-3/Figures/TiNbTa1.png, id=1867, 523.7166pt x 477.9456pt>
File: Chapter-3/Figures/TiNbTa1.png Graphic file (type png)

<use Chapter-3/Figures/TiNbTa1.png>
Package pdftex.def Info: Chapter-3/Figures/TiNbTa1.png used on input line 377.
(pdftex.def)             Requested size: 419.16621pt x 382.5466pt.
 [55 <./Chapter-3/Figures/TiNbTa1.png>]
<Chapter-3/Figures/TiNbTa2.png, id=1875, 533.3526pt x 258.7266pt>
File: Chapter-3/Figures/TiNbTa2.png Graphic file (type png)

<use Chapter-3/Figures/TiNbTa2.png>
Package pdftex.def Info: Chapter-3/Figures/TiNbTa2.png used on input line 387.
(pdftex.def)             Requested size: 419.16621pt x 203.33768pt.
 [56 <./Chapter-3/Figures/TiNbTa2.png>]
<Chapter-3/Figures/TiNbZr.png, id=1885, 479.391pt x 247.6452pt>
File: Chapter-3/Figures/TiNbZr.png Graphic file (type png)

<use Chapter-3/Figures/TiNbZr.png>
Package pdftex.def Info: Chapter-3/Figures/TiNbZr.png used on input line 397.
(pdftex.def)             Requested size: 419.16621pt x 216.53784pt.
 [57 <./Chapter-3/Figures/TiNbZr.png>]
<Chapter-3/Figures/TiTaZr1.png, id=1893, 551.1792pt x 473.1276pt>
File: Chapter-3/Figures/TiTaZr1.png Graphic file (type png)

<use Chapter-3/Figures/TiTaZr1.png>
Package pdftex.def Info: Chapter-3/Figures/TiTaZr1.png used on input line 407.
(pdftex.def)             Requested size: 419.16621pt x 359.81894pt.
) [58 <./Chapter-3/Figures/TiTaZr1.png>]
\openout2 = `Chapter-4/Chapter-4.aux'.


(./Chapter-4/Chapter-4.tex
Chapter 4.

Overfull \hbox (3.45259pt too wide) in paragraph at lines 1--1
|\T1/lmss/bx/n/30 First-principles aided ther-mo-dy-
 []

[59



]

LaTeX Warning: Command \r invalid in math mode on input line 13.

[60] [61] [62] [63] [64] [65] [66]

LaTeX Warning: Command \r invalid in math mode on input line 58.


LaTeX Warning: Command \r invalid in math mode on input line 58.


LaTeX Warning: Command \r invalid in math mode on input line 58.

[67]

LaTeX Warning: Command \r invalid in math mode on input line 91.

[68

]
Overfull \hbox (50.30495pt too wide) in paragraph at lines 112--136
 [][] 
 []

[69

] [70

]
<Chapter-4/Figures/Taphonondos.png, id=2090, 364.7226pt x 229.3368pt>
File: Chapter-4/Figures/Taphonondos.png Graphic file (type png)

<use Chapter-4/Figures/Taphonondos.png>
Package pdftex.def Info: Chapter-4/Figures/Taphonondos.png used on input line 1
63.
(pdftex.def)             Requested size: 419.16621pt x 263.5708pt.
 [71

 <./Chapter-4/Figures/Taphonondos.png>] <Chapter-4/Figures/Snphonondos.png, id=
2098, 383.5128pt x 246.6816pt>
File: Chapter-4/Figures/Snphonondos.png Graphic file (type png)

<use Chapter-4/Figures/Snphonondos.png>
Package pdftex.def Info: Chapter-4/Figures/Snphonondos.png used on input line 1
71.
(pdftex.def)             Requested size: 419.16621pt x 269.61911pt.
 [72 <./Chapter-4/Figures/Snphonondos.png>] <Chapter-4/Figures/TaSn2phonondos.p
ng, id=2108, 388.8126pt x 248.6088pt>
File: Chapter-4/Figures/TaSn2phonondos.png Graphic file (type png)

<use Chapter-4/Figures/TaSn2phonondos.png>
Package pdftex.def Info: Chapter-4/Figures/TaSn2phonondos.png used on input lin
e 179.
(pdftex.def)             Requested size: 419.16621pt x 268.03447pt.
 [73 <./Chapter-4/Figures/TaSn2phonondos.png>]
<Chapter-4/Figures/Ta3Snphonondos.png, id=2114, 376.2858pt x 237.0456pt>
File: Chapter-4/Figures/Ta3Snphonondos.png Graphic file (type png)

<use Chapter-4/Figures/Ta3Snphonondos.png>
Package pdftex.def Info: Chapter-4/Figures/Ta3Snphonondos.png used on input lin
e 187.
(pdftex.def)             Requested size: 419.16621pt x 264.06052pt.
 [74 <./Chapter-4/Figures/Ta3Snphonondos.png>]
<Chapter-4/Figures/Tafinitetemp.png, id=2121, 211.992pt x 375.3222pt>
File: Chapter-4/Figures/Tafinitetemp.png Graphic file (type png)

<use Chapter-4/Figures/Tafinitetemp.png>
Package pdftex.def Info: Chapter-4/Figures/Tafinitetemp.png used on input line 
195.
(pdftex.def)             Requested size: 211.99147pt x 375.32129pt.
 [75 <./Chapter-4/Figures/Tafinitetemp.png>] <Chapter-4/Figures/Snfinitetemp.pn
g, id=2129, 215.3646pt x 375.3222pt>
File: Chapter-4/Figures/Snfinitetemp.png Graphic file (type png)

<use Chapter-4/Figures/Snfinitetemp.png>
Package pdftex.def Info: Chapter-4/Figures/Snfinitetemp.png used on input line 
203.
(pdftex.def)             Requested size: 215.36406pt x 375.32129pt.
 [76 <./Chapter-4/Figures/Snfinitetemp.png>]
<Chapter-4/Figures/TaSn2finitetemp.png, id=2138, 249.5724pt x 521.3076pt>
File: Chapter-4/Figures/TaSn2finitetemp.png Graphic file (type png)

<use Chapter-4/Figures/TaSn2finitetemp.png>
Package pdftex.def Info: Chapter-4/Figures/TaSn2finitetemp.png used on input li
ne 211.
(pdftex.def)             Requested size: 249.57178pt x 521.30632pt.
 [77 <./Chapter-4/Figures/TaSn2finitetemp.png>]
<Chapter-4/Figures/Ta3Snfinitetemp.png, id=2144, 248.127pt x 531.9072pt>
File: Chapter-4/Figures/Ta3Snfinitetemp.png Graphic file (type png)

<use Chapter-4/Figures/Ta3Snfinitetemp.png>
Package pdftex.def Info: Chapter-4/Figures/Ta3Snfinitetemp.png used on input li
ne 219.
(pdftex.def)             Requested size: 248.12637pt x 531.90588pt.
 [78 <./Chapter-4/Figures/Ta3Snfinitetemp.png>] <Chapter-4/Figures/HofForm.png,
 id=2150, 359.9046pt x 340.6326pt>
File: Chapter-4/Figures/HofForm.png Graphic file (type png)

<use Chapter-4/Figures/HofForm.png>
Package pdftex.def Info: Chapter-4/Figures/HofForm.png used on input line 227.
(pdftex.def)             Requested size: 419.16621pt x 396.75055pt.
 [79 <./Chapter-4/Figures/HofForm.png>]
<Chapter-4/Figures/SnTaPD.png, id=2156, 401.3394pt x 363.2772pt>
File: Chapter-4/Figures/SnTaPD.png Graphic file (type png)

<use Chapter-4/Figures/SnTaPD.png>
Package pdftex.def Info: Chapter-4/Figures/SnTaPD.png used on input line 235.
(pdftex.def)             Requested size: 419.16621pt x 379.43462pt.
 [80 <./Chapter-4/Figures/SnTaPD.png>]
<Chapter-4/Figures/HofMix.png, id=2163, 346.896pt x 347.3778pt>
File: Chapter-4/Figures/HofMix.png Graphic file (type png)

<use Chapter-4/Figures/HofMix.png>
Package pdftex.def Info: Chapter-4/Figures/HofMix.png used on input line 243.
(pdftex.def)             Requested size: 419.16621pt x 419.77188pt.
) [81 <./Chapter-4/Figures/HofMix.png>]
\openout2 = `Chapter-5/Chapter-5.aux'.


(./Chapter-5/Chapter-5.tex
Chapter 5.
[82



] [83]

LaTeX Warning: Reference `Ch5-figure:PBEvsPW91' on page 84 undefined on input l
ine 22.

[84] [85] [86] [87] [88] [89] [90] [91

]
Overfull \hbox (46.91734pt too wide) in alignment at lines 110--115
 [] [] [] [] [] [] [] [] 
 []


Overfull \hbox (46.91734pt too wide) in alignment at lines 115--117
 [] [] [] [] [] [] [] [] 
 []


Overfull \hbox (46.91734pt too wide) in alignment at lines 117--138
 [] [] [] [] [] [] [] [] 
 []


Overfull \hbox (46.91734pt too wide) in alignment at lines 138--158
 [] [] [] [] [] [] [] [] 
 []


Overfull \hbox (46.91734pt too wide) in alignment at lines 158--173
 [] [] [] [] [] [] [] [] 
 []

[92

] [93] [94] [95]
<Chapter-5/Figures/Strain.png, id=2349, 493.845pt x 362.3136pt>
File: Chapter-5/Figures/Strain.png Graphic file (type png)

<use Chapter-5/Figures/Strain.png>
Package pdftex.def Info: Chapter-5/Figures/Strain.png used on input line 207.
(pdftex.def)             Requested size: 419.16621pt x 307.5202pt.
 [96

 <./Chapter-5/Figures/Strain.png>]
<Chapter-5/Figures/tixyoungs.png, id=2356, 494.8086pt x 520.8258pt>
File: Chapter-5/Figures/tixyoungs.png Graphic file (type png)

<use Chapter-5/Figures/tixyoungs.png>
Package pdftex.def Info: Chapter-5/Figures/tixyoungs.png used on input line 215
.
(pdftex.def)             Requested size: 419.16621pt x 441.22585pt.
 [97 <./Chapter-5/Figures/tixyoungs.png>]
<Chapter-5/Figures/emap.png, id=2370, 289.08pt x 247.1634pt>
File: Chapter-5/Figures/emap.png Graphic file (type png)

<use Chapter-5/Figures/emap.png>
Package pdftex.def Info: Chapter-5/Figures/emap.png used on input line 223.
(pdftex.def)             Requested size: 419.16621pt x 358.4079pt.


LaTeX Warning: Reference `Ch5-table:elasip' on page 98 undefined on input line 
224.


LaTeX Warning: Reference `Ch5-table:elasip' on page 98 undefined on input line 
224.

[98 <./Chapter-5/Figures/emap.png>]
<Chapter-5/Figures/tixc11.png, id=2377, 494.8086pt x 530.9436pt>
File: Chapter-5/Figures/tixc11.png Graphic file (type png)

<use Chapter-5/Figures/tixc11.png>
Package pdftex.def Info: Chapter-5/Figures/tixc11.png used on input line 231.
(pdftex.def)             Requested size: 419.16621pt x 449.7973pt.
 [99 <./Chapter-5/Figures/tixc11.png>]
<Chapter-5/Figures/tixc12.png, id=2385, 494.8086pt x 522.2712pt>
File: Chapter-5/Figures/tixc12.png Graphic file (type png)

<use Chapter-5/Figures/tixc12.png>
Package pdftex.def Info: Chapter-5/Figures/tixc12.png used on input line 239.
(pdftex.def)             Requested size: 419.16621pt x 442.45033pt.
 [100 <./Chapter-5/Figures/tixc12.png>]
<Chapter-5/Figures/tixc44.png, id=2393, 494.8086pt x 535.2798pt>
File: Chapter-5/Figures/tixc44.png Graphic file (type png)

<use Chapter-5/Figures/tixc44.png>
Package pdftex.def Info: Chapter-5/Figures/tixc44.png used on input line 247.
(pdftex.def)             Requested size: 419.16621pt x 453.47078pt.
 [101 <./Chapter-5/Figures/tixc44.png>]
<Chapter-5/Figures/tixc11-c12.png, id=2401, 272.6988pt x 232.7094pt>
File: Chapter-5/Figures/tixc11-c12.png Graphic file (type png)

<use Chapter-5/Figures/tixc11-c12.png>
Package pdftex.def Info: Chapter-5/Figures/tixc11-c12.png used on input line 25
5.
(pdftex.def)             Requested size: 419.16621pt x 357.70955pt.
 [102 <./Chapter-5/Figures/tixc11-c12.png>] <Chapter-5/Figures/tixbulk.png, id=
2407, 494.8086pt x 529.0164pt>
File: Chapter-5/Figures/tixbulk.png Graphic file (type png)

<use Chapter-5/Figures/tixbulk.png>
Package pdftex.def Info: Chapter-5/Figures/tixbulk.png used on input line 263.
(pdftex.def)             Requested size: 419.16621pt x 448.16464pt.
 [103 <./Chapter-5/Figures/tixbulk.png>]
<Chapter-5/Figures/tixshear.png, id=2413, 489.027pt x 531.9072pt>
File: Chapter-5/Figures/tixshear.png Graphic file (type png)

<use Chapter-5/Figures/tixshear.png>
Package pdftex.def Info: Chapter-5/Figures/tixshear.png used on input line 271.

(pdftex.def)             Requested size: 419.16621pt x 455.93787pt.
 [104 <./Chapter-5/Figures/tixshear.png>]
<Chapter-5/Figures/edatabase.png, id=2420, 322.3242pt x 278.4804pt>
File: Chapter-5/Figures/edatabase.png Graphic file (type png)

<use Chapter-5/Figures/edatabase.png>
Package pdftex.def Info: Chapter-5/Figures/edatabase.png used on input line 279
.
(pdftex.def)             Requested size: 419.16621pt x 362.16043pt.


LaTeX Warning: Reference `Ch5-table:elasdata' on page 105 undefined on input li
ne 280.


LaTeX Warning: Reference `Ch5-table:elasdata' on page 105 undefined on input li
ne 280.

) [105 <./Chapter-5/Figures/edatabase.png>]
\openout2 = `Chapter-6/Chapter-6.aux'.

 (./Chapter-6/Chapter-6.tex
Chapter 6.

Overfull \hbox (52.62135pt too wide) in paragraph at lines 1--1
\T1/lmss/bx/n/30 the elas-tic prop-er-ties of bcc ternary
 []

[106



] [107] [108] [109] [110] [111] [112] [113]
Overfull \hbox (81.1285pt too wide) in alignment at lines 52--57
 [] [] [] [] [] [] [] [] 
 []


Overfull \hbox (81.1285pt too wide) in alignment at lines 57--59
 [] [] [] [] [] [] [] [] 
 []


Overfull \hbox (81.1285pt too wide) in alignment at lines 59--80
 [] [] [] [] [] [] [] [] 
 []


Overfull \hbox (81.1285pt too wide) in alignment at lines 80--100
 [] [] [] [] [] [] [] [] 
 []


Overfull \hbox (81.1285pt too wide) in alignment at lines 100--115
 [] [] [] [] [] [] [] [] 
 []

[114] [115] [116] [117] [118

]
<Chapter-6/Figures/tixyyoungs1.png, id=2574, 503.481pt x 542.9886pt>
File: Chapter-6/Figures/tixyyoungs1.png Graphic file (type png)

<use Chapter-6/Figures/tixyyoungs1.png>
Package pdftex.def Info: Chapter-6/Figures/tixyyoungs1.png used on input line 1
75.
(pdftex.def)             Requested size: 419.16621pt x 452.06407pt.
 [119

 <./Chapter-6/Figures/tixyyoungs1.png>] <Chapter-6/Figures/tixyyoungs2.png, id=
2584, 497.2176pt x 535.7616pt>
File: Chapter-6/Figures/tixyyoungs2.png Graphic file (type png)

<use Chapter-6/Figures/tixyyoungs2.png>
Package pdftex.def Info: Chapter-6/Figures/tixyyoungs2.png used on input line 1
83.
(pdftex.def)             Requested size: 419.16621pt x 451.67986pt.
 [120 <./Chapter-6/Figures/tixyyoungs2.png>] <Chapter-6/Figures/tixyc11_1.png, 
id=2594, 515.526pt x 554.07pt>
File: Chapter-6/Figures/tixyc11_1.png Graphic file (type png)

<use Chapter-6/Figures/tixyc11_1.png>
Package pdftex.def Info: Chapter-6/Figures/tixyc11_1.png used on input line 191
.
(pdftex.def)             Requested size: 419.16621pt x 450.51895pt.
 [121 <./Chapter-6/Figures/tixyc11_1.png>] <Chapter-6/Figures/tixyc11_2.png, id
=2601, 492.3996pt x 543.9522pt>
File: Chapter-6/Figures/tixyc11_2.png Graphic file (type png)

<use Chapter-6/Figures/tixyc11_2.png>
Package pdftex.def Info: Chapter-6/Figures/tixyc11_2.png used on input line 199
.
(pdftex.def)             Requested size: 419.16621pt x 463.06703pt.
 [122 <./Chapter-6/Figures/tixyc11_2.png>] <Chapter-6/Figures/tixyc12_1.png, id
=2608, 500.5902pt x 543.4704pt>
File: Chapter-6/Figures/tixyc12_1.png Graphic file (type png)

<use Chapter-6/Figures/tixyc12_1.png>
Package pdftex.def Info: Chapter-6/Figures/tixyc12_1.png used on input line 207
.
(pdftex.def)             Requested size: 419.16621pt x 455.09396pt.
 [123 <./Chapter-6/Figures/tixyc12_1.png>] <Chapter-6/Figures/tixyc12_2.png, id
=2614, 481.3182pt x 542.025pt>
File: Chapter-6/Figures/tixyc12_2.png Graphic file (type png)

<use Chapter-6/Figures/tixyc12_2.png>
Package pdftex.def Info: Chapter-6/Figures/tixyc12_2.png used on input line 215
.
(pdftex.def)             Requested size: 419.16621pt x 472.03763pt.
 [124 <./Chapter-6/Figures/tixyc12_2.png>] <Chapter-6/Figures/tixyc44_1.png, id
=2620, 481.3182pt x 533.8344pt>
File: Chapter-6/Figures/tixyc44_1.png Graphic file (type png)

<use Chapter-6/Figures/tixyc44_1.png>
Package pdftex.def Info: Chapter-6/Figures/tixyc44_1.png used on input line 223
.
(pdftex.def)             Requested size: 419.16621pt x 464.90462pt.
 [125 <./Chapter-6/Figures/tixyc44_1.png>] <Chapter-6/Figures/tixyc44_2.png, id
=2626, 481.3182pt x 568.524pt>
File: Chapter-6/Figures/tixyc44_2.png Graphic file (type png)

<use Chapter-6/Figures/tixyc44_2.png>
Package pdftex.def Info: Chapter-6/Figures/tixyc44_2.png used on input line 231
.
(pdftex.def)             Requested size: 419.16621pt x 495.11504pt.
 [126 <./Chapter-6/Figures/tixyc44_2.png>] <Chapter-6/Figures/tixyc11-c12.png, 
id=2632, 271.7352pt x 233.1912pt>
File: Chapter-6/Figures/tixyc11-c12.png Graphic file (type png)

<use Chapter-6/Figures/tixyc11-c12.png>
Package pdftex.def Info: Chapter-6/Figures/tixyc11-c12.png used on input line 2
39.
(pdftex.def)             Requested size: 419.16621pt x 359.72754pt.
 [127 <./Chapter-6/Figures/tixyc11-c12.png>] <Chapter-6/Figures/tixybulk1.png, 
id=2638, 481.8pt x 536.7252pt>
File: Chapter-6/Figures/tixybulk1.png Graphic file (type png)

<use Chapter-6/Figures/tixybulk1.png>
Package pdftex.def Info: Chapter-6/Figures/tixybulk1.png used on input line 247
.
(pdftex.def)             Requested size: 419.16621pt x 466.96353pt.
 [128 <./Chapter-6/Figures/tixybulk1.png>] <Chapter-6/Figures/tixybulk2.png, id
=2645, 493.845pt x 536.2434pt>
File: Chapter-6/Figures/tixybulk2.png Graphic file (type png)

<use Chapter-6/Figures/tixybulk2.png>
Package pdftex.def Info: Chapter-6/Figures/tixybulk2.png used on input line 255
.
(pdftex.def)             Requested size: 419.16621pt x 455.14626pt.
 [129 <./Chapter-6/Figures/tixybulk2.png>] <Chapter-6/Figures/tixyshear1.png, i
d=2651, 481.3182pt x 538.1706pt>
File: Chapter-6/Figures/tixyshear1.png Graphic file (type png)

<use Chapter-6/Figures/tixyshear1.png>
Package pdftex.def Info: Chapter-6/Figures/tixyshear1.png used on input line 26
3.
(pdftex.def)             Requested size: 419.16621pt x 468.68092pt.
 [130 <./Chapter-6/Figures/tixyshear1.png>] <Chapter-6/Figures/tixyshear2.png, 
id=2657, 482.2818pt x 542.5068pt>
File: Chapter-6/Figures/tixyshear2.png Graphic file (type png)

<use Chapter-6/Figures/tixyshear2.png>
Package pdftex.def Info: Chapter-6/Figures/tixyshear2.png used on input line 27
1.
(pdftex.def)             Requested size: 419.16621pt x 471.53838pt.
 [131 <./Chapter-6/Figures/tixyshear2.png>] <Chapter-6/Figures/tixymap1.png, id
=2663, 472.6458pt x 579.1236pt>
File: Chapter-6/Figures/tixymap1.png Graphic file (type png)

<use Chapter-6/Figures/tixymap1.png>
Package pdftex.def Info: Chapter-6/Figures/tixymap1.png used on input line 279.

(pdftex.def)             Requested size: 419.16621pt x 513.61569pt.
 [132 <./Chapter-6/Figures/tixymap1.png>]
<Chapter-6/Figures/tixymap2.png, id=2671, 427.8384pt x 566.115pt>
File: Chapter-6/Figures/tixymap2.png Graphic file (type png)

<use Chapter-6/Figures/tixymap2.png>
Package pdftex.def Info: Chapter-6/Figures/tixymap2.png used on input line 287.

(pdftex.def)             Requested size: 419.16621pt x 554.66798pt.

Overfull \vbox (0.7027pt too high) has occurred while \output is active []


[133 <./Chapter-6/Figures/tixymap2.png>]
<Chapter-6/Figures/tixydatabase.png, id=2679, 321.3606pt x 277.5168pt>
File: Chapter-6/Figures/tixydatabase.png Graphic file (type png)

<use Chapter-6/Figures/tixydatabase.png>
Package pdftex.def Info: Chapter-6/Figures/tixydatabase.png used on input line 
295.
(pdftex.def)             Requested size: 419.16621pt x 361.99557pt.
) [134 <./Chapter-6/Figures/tixydatabase.png>]
\openout2 = `Chapter-7/Chapter-7.aux'.

 (./Chapter-7/Chapter-7.tex
Chapter 7.
[135



] [136] [137] [138] [139] [140] [141]
<Chapter-7/Figures/tinb0k.png, id=2740, 408.0846pt x 344.0052pt>
File: Chapter-7/Figures/tinb0k.png Graphic file (type png)

<use Chapter-7/Figures/tinb0k.png>
Package pdftex.def Info: Chapter-7/Figures/tinb0k.png used on input line 146.
(pdftex.def)             Requested size: 419.16621pt x 353.36346pt.
 [142

 <./Chapter-7/Figures/tinb0k.png>]
<Chapter-7/Figures/tita0k.png, id=2746, 409.53pt x 343.5234pt>
File: Chapter-7/Figures/tita0k.png Graphic file (type png)

<use Chapter-7/Figures/tita0k.png>
Package pdftex.def Info: Chapter-7/Figures/tita0k.png used on input line 154.
(pdftex.def)             Requested size: 419.16621pt x 351.62627pt.
 [143 <./Chapter-7/Figures/tita0k.png>]
<Chapter-7/Figures/tinbelastic.png, id=2752, 409.53pt x 343.5234pt>
File: Chapter-7/Figures/tinbelastic.png Graphic file (type png)

<use Chapter-7/Figures/tinbelastic.png>
Package pdftex.def Info: Chapter-7/Figures/tinbelastic.png used on input line 1
62.
(pdftex.def)             Requested size: 419.16621pt x 351.62627pt.
) [144 <./Chapter-7/Figures/tinbelastic.png>]
\openout2 = `Chapter-8/Chapter-8.aux'.

 (./Chapter-8/Chapter-8.tex
Chapter 8.
) [145



]
\openout2 = `Appendix-A/Appendix-A.aux'.

 (./Appendix-A/Appendix-A.tex
Appendix A.

Overfull \hbox (38.28894pt too wide) in alignment at lines 21--23
 [] [] [] 
 []


Overfull \hbox (38.28894pt too wide) in alignment at lines 23--25
 [] [] [] 
 []


Overfull \hbox (38.28894pt too wide) in alignment at lines 25--46
 [] [] [] 
 []


Overfull \hbox (38.28894pt too wide) in alignment at lines 46--66
 [] [] [] 
 []

[146



]
Overfull \hbox (38.28894pt too wide) in alignment at lines 66--86
 [] [] [] 
 []


Overfull \hbox (38.28894pt too wide) in alignment at lines 86--107
 [] [] [] 
 []

[147]
Overfull \hbox (38.28894pt too wide) in alignment at lines 107--128
 [] [] [] 
 []

[148]
Overfull \hbox (38.28894pt too wide) in alignment at lines 128--148
 [] [] [] 
 []


Overfull \hbox (38.28894pt too wide) in alignment at lines 148--168
 [] [] [] 
 []

[149]
Overfull \hbox (38.28894pt too wide) in alignment at lines 168--188
 [] [] [] 
 []


Overfull \hbox (38.28894pt too wide) in alignment at lines 188--208
 [] [] [] 
 []

[150]
Overfull \hbox (38.28894pt too wide) in alignment at lines 208--228
 [] [] [] 
 []

[151]
Overfull \hbox (38.28894pt too wide) in alignment at lines 228--249
 [] [] [] 
 []


Overfull \hbox (38.28894pt too wide) in alignment at lines 249--269
 [] [] [] 
 []

[152]
Overfull \hbox (38.28894pt too wide) in alignment at lines 269--289
 [] [] [] 
 []


Overfull \hbox (38.28894pt too wide) in alignment at lines 289--309
 [] [] [] 
 []

[153]
Overfull \hbox (38.28894pt too wide) in alignment at lines 309--329
 [] [] [] 
 []

[154]
Overfull \hbox (38.28894pt too wide) in alignment at lines 329--349
 [] [] [] 
 []


Overfull \hbox (38.28894pt too wide) in alignment at lines 349--369
 [] [] [] 
 []

[155]
Overfull \hbox (38.28894pt too wide) in alignment at lines 369--389
 [] [] [] 
 []


Overfull \hbox (38.28894pt too wide) in alignment at lines 389--409
 [] [] [] 
 []

[156]
Overfull \hbox (38.28894pt too wide) in alignment at lines 409--429
 [] [] [] 
 []

[157]
Overfull \hbox (38.28894pt too wide) in alignment at lines 429--449
 [] [] [] 
 []


Overfull \hbox (38.28894pt too wide) in alignment at lines 449--469
 [] [] [] 
 []

[158]
Overfull \hbox (38.28894pt too wide) in alignment at lines 469--489
 [] [] [] 
 []


Overfull \hbox (38.28894pt too wide) in alignment at lines 489--510
 [] [] [] 
 []

[159]
Overfull \hbox (38.28894pt too wide) in alignment at lines 510--530
 [] [] [] 
 []

[160]
Overfull \hbox (38.28894pt too wide) in alignment at lines 530--550
 [] [] [] 
 []


Overfull \hbox (38.28894pt too wide) in alignment at lines 550--561
 [] [] [] 
 []

[161]) [162]
\openout2 = `Appendix-B/Appendix-B.aux'.

 (./Appendix-B/Appendix-B.tex
Appendix B.

Overfull \hbox (62.98772pt too wide) in alignment at lines 17--19
 [] [] [] 
 []


Overfull \hbox (62.98772pt too wide) in alignment at lines 19--21
 [] [] [] 
 []


Overfull \hbox (62.98772pt too wide) in alignment at lines 21--41
 [] [] [] 
 []


Overfull \hbox (62.98772pt too wide) in alignment at lines 41--61
 [] [] [] 
 []

[163



]
Overfull \hbox (62.98772pt too wide) in alignment at lines 61--81
 [] [] [] 
 []


Overfull \hbox (62.98772pt too wide) in alignment at lines 81--102
 [] [] [] 
 []

[164]
Overfull \hbox (62.98772pt too wide) in alignment at lines 102--122
 [] [] [] 
 []


Overfull \hbox (62.98772pt too wide) in alignment at lines 122--142
 [] [] [] 
 []

[165]
Overfull \hbox (62.98772pt too wide) in alignment at lines 142--162
 [] [] [] 
 []

[166]
Overfull \hbox (62.98772pt too wide) in alignment at lines 162--182
 [] [] [] 
 []


Overfull \hbox (62.98772pt too wide) in alignment at lines 182--202
 [] [] [] 
 []

[167]
Overfull \hbox (62.98772pt too wide) in alignment at lines 202--221
 [] [] [] 
 []

[168]) [169]
\openout2 = `Appendix-C/Appendix-C.aux'.

 (./Appendix-C/Appendix-C.tex
Appendix C.
) [170



] [171]
\openout2 = `Appendix-D/Appendix-D.aux'.

 (./Appendix-D/Appendix-D.tex
Appendix D.
) [172



] [173] (./Cassie Marker-Dissertation.bbl
Package microtype Info: Character `029' is missing
(microtype)             in font `T1/lmr/m/sc/12'.
(microtype)             Ignoring protrusion settings for this character.
LaTeX Font Info:    Try loading font information for T1+lmtt on input line 47.

(/usr/local/texlive/2016/texmf-dist/tex/latex/lm/t1lmtt.fd
File: t1lmtt.fd 2009/10/30 v1.6 Font defs for Latin Modern
)
Package microtype Info: Loading generic settings for font family
(microtype)             `lmtt' (encoding: T1).
(microtype)             For optimal results, create family-specific settings.
(microtype)             See the microtype manual for details.
 [174


]
Overfull \hbox (1.10059pt too wide) in paragraph at lines 65--69
\T1/lmr/m/n/12 (-20) assessment of the Ti-Zr system and calculation of the Nb-T
i-Zr phase-diagram,''
 []


Underfull \hbox (badness 10000) in paragraph at lines 100--104
\T1/lmr/m/n/12 (+20) URL []$\T1/lmtt/m/n/12 http : / / scholar . google . com /
 scholar ? hl = en{&}q = ti-[]ta-[]mo +
 []

[175] [176] [177] [178]
Underfull \hbox (badness 10000) in paragraph at lines 377--381
\T1/lmr/m/n/12 (+20) URL []$\T1/lmtt/m/n/12 http : / / www . sciencedirect . co
m / science / article / pii /
 []

[179]
Underfull \hbox (badness 10000) in paragraph at lines 395--400
\T1/lmr/m/n/12 (+20) URL []$\T1/lmtt/m/n/12 http : / / www . sciencedirect . co
m / science / article / pii /
 []


Underfull \hbox (badness 10000) in paragraph at lines 408--412
\T1/lmr/m/n/12 (+20) URL []$\T1/lmtt/m/n/12 http : / / debian . ccp14 . ac . uk
 / ccp / web-[]mirrors / dbws / downloads /
 []

[180] [181] [182]) [183] (./SupplementaryMaterial/Vita.tex)
Package atveryend Info: Empty hook `BeforeClearDocument' on input line 393.
 [184

]
Package atveryend Info: Empty hook `AfterLastShipout' on input line 393.

(./Cassie Marker-Dissertation.aux (./Chapter-1/Chapter-1.aux)
(./Chapter-2/Chapter-2.aux) (./Chapter-3/Chapter-3.aux)
(./Chapter-4/Chapter-4.aux) (./Chapter-5/Chapter-5.aux)
(./Chapter-6/Chapter-6.aux) (./Chapter-7/Chapter-7.aux)
(./Chapter-8/Chapter-8.aux) (./Appendix-A/Appendix-A.aux)
(./Appendix-B/Appendix-B.aux) (./Appendix-C/Appendix-C.aux)
(./Appendix-D/Appendix-D.aux))
Package atveryend Info: Executing hook `AtVeryEndDocument' on input line 393.
Package atveryend Info: Executing hook `AtEndAfterFileList' on input line 393.
Package rerunfilecheck Info: File `"Cassie Marker-Dissertation".out' has not ch
anged.
(rerunfilecheck)             Checksum: A380E2C9536F2FE88E590CBC6AACBD7E;7495.


LaTeX Warning: There were undefined references.


LaTeX Warning: There were multiply-defined labels.

Package atveryend Info: Empty hook `AtVeryVeryEnd' on input line 393.
 ) 
Here is how much of TeX's memory you used:
 13140 strings out of 493014
 200359 string characters out of 6133351
 398807 words of memory out of 5000000
 15364 multiletter control sequences out of 15000+600000
 144036 words of font info for 275 fonts, out of 8000000 for 9000
 1141 hyphenation exceptions out of 8191
 35i,12n,45p,3801b,1066s stack positions out of 5000i,500n,10000p,200000b,80000s
{/usr/local/texlive/2016/texmf-dist/fonts/enc/dvips/lm/lm-ec.enc}{/usr/local/
texlive/2016/texmf-dist/fonts/enc/dvips/lm/lm-mathit.enc}{/usr/local/texlive/20
16/texmf-dist/fonts/enc/dvips/lm/lm-rm.enc}{/usr/local/texlive/2016/texmf-dist/
fonts/enc/dvips/lm/lm-mathsy.enc}{/usr/local/texlive/2016/texmf-dist/fonts/enc/
dvips/lm/lm-ts1.enc}</usr/local/texlive/2016/texmf-dist/fonts/type1/public/amsf
onts/cm/cmex10.pfb></usr/local/texlive/2016/texmf-dist/fonts/type1/public/lm/lm
bx10.pfb></usr/local/texlive/2016/texmf-dist/fonts/type1/public/lm/lmbx12.pfb><
/usr/local/texlive/2016/texmf-dist/fonts/type1/public/lm/lmcsc10.pfb></usr/loca
l/texlive/2016/texmf-dist/fonts/type1/public/lm/lmmi10.pfb></usr/local/texlive/
2016/texmf-dist/fonts/type1/public/lm/lmmi12.pfb></usr/local/texlive/2016/texmf
-dist/fonts/type1/public/lm/lmmi6.pfb></usr/local/texlive/2016/texmf-dist/fonts
/type1/public/lm/lmmi8.pfb></usr/local/texlive/2016/texmf-dist/fonts/type1/publ
ic/lm/lmr10.pfb></usr/local/texlive/2016/texmf-dist/fonts/type1/public/lm/lmr12
.pfb></usr/local/texlive/2016/texmf-dist/fonts/type1/public/lm/lmr6.pfb></usr/l
ocal/texlive/2016/texmf-dist/fonts/type1/public/lm/lmr8.pfb></usr/local/texlive
/2016/texmf-dist/fonts/type1/public/lm/lmri10.pfb></usr/local/texlive/2016/texm
f-dist/fonts/type1/public/lm/lmri12.pfb></usr/local/texlive/2016/texmf-dist/fon
ts/type1/public/lm/lmri8.pfb></usr/local/texlive/2016/texmf-dist/fonts/type1/pu
blic/lm/lmssbx10.pfb></usr/local/texlive/2016/texmf-dist/fonts/type1/public/lm/
lmsy10.pfb></usr/local/texlive/2016/texmf-dist/fonts/type1/public/lm/lmsy6.pfb>
</usr/local/texlive/2016/texmf-dist/fonts/type1/public/lm/lmsy8.pfb></usr/local
/texlive/2016/texmf-dist/fonts/type1/public/lm/lmtt12.pfb></usr/local/texlive/2
016/texmf-dist/fonts/type1/public/amsfonts/symbols/msam10.pfb></usr/local/texli
ve/2016/texmf-dist/fonts/type1/public/amsfonts/symbols/msbm10.pfb></usr/local/t
exlive/2016/texmf-dist/fonts/type1/public/amsfonts/symbols/msbm7.pfb></usr/loca
l/texlive/2016/texmf-dist/fonts/type1/public/wasy2-ps/wasy10.pfb>
Output written on "Cassie Marker-Dissertation.pdf" (207 pages, 6432673 bytes).
PDF statistics:
 3155 PDF objects out of 3580 (max. 8388607)
 2727 compressed objects within 28 object streams
 547 named destinations out of 1000 (max. 500000)
 37961 words of extra memory for PDF output out of 42996 (max. 10000000)

