\BOOKMARK [0][-]{chapter*.3}{List of Figures}{}% 1
\BOOKMARK [0][-]{chapter*.4}{List of Tables}{}% 2
\BOOKMARK [0][-]{chapter*.5}{Acknowledgments}{}% 3
\BOOKMARK [0][-]{chapter..1}{Introduction}{}% 4
\BOOKMARK [1][-]{section..1.1}{99993em.5Motivation}{chapter..1}% 5
\BOOKMARK [1][-]{section..1.2}{Overview}{chapter..1}% 6
\BOOKMARK [2][-]{subsection..1.2.1}{Equilibrium Phases}{section..1.2}% 7
\BOOKMARK [2][-]{subsection..1.2.2}{Metastable Phases}{section..1.2}% 8
\BOOKMARK [0][-]{chapter..2}{Methodology}{}% 9
\BOOKMARK [1][-]{section..2.1}{First-Principles Calculations}{chapter..2}% 10
\BOOKMARK [2][-]{subsection..2.1.1}{Density Functional Theory at 0 K}{section..2.1}% 11
\BOOKMARK [2][-]{subsection..2.1.2}{Finite-temperature thermodynamics}{section..2.1}% 12
\BOOKMARK [2][-]{subsection..2.1.3}{Elastic stiffness coefficients}{section..2.1}% 13
\BOOKMARK [2][-]{subsection..2.1.4}{Special quasirandom structures \(SQS\)}{section..2.1}% 14
\BOOKMARK [2][-]{subsection..2.1.5}{First-principles calculation error/difference}{section..2.1}% 15
\BOOKMARK [1][-]{section..2.2}{CALPHAD method}{chapter..2}% 16
\BOOKMARK [2][-]{subsection..2.2.1}{Solution phases}{section..2.2}% 17
\BOOKMARK [2][-]{subsection..2.2.2}{Stoichiometric compounds}{section..2.2}% 18
\BOOKMARK [2][-]{subsection..2.2.3}{Elastic Properties}{section..2.2}% 19
\BOOKMARK [1][-]{section..2.3}{Experimental}{chapter..2}% 20
\BOOKMARK [2][-]{subsection..2.3.1}{Ti-Nb sample preparation}{section..2.3}% 21
\BOOKMARK [2][-]{subsection..2.3.2}{Neutron Scattering}{section..2.3}% 22
\BOOKMARK [3][-]{subsubsection..2.3.2.1}{ARCS}{subsection..2.3.2}% 23
\BOOKMARK [3][-]{subsubsection..2.3.2.2}{Data Analysis}{subsection..2.3.2}% 24
\BOOKMARK [0][-]{chapter..3}{Ti-Mo-Nb-Sn-Ta-Zr Thermodynamic Database}{}% 25
\BOOKMARK [1][-]{section..3.1}{Introduction}{chapter..3}% 26
\BOOKMARK [1][-]{section..3.2}{Computational details}{chapter..3}% 27
\BOOKMARK [1][-]{section..3.3}{Sn binaries and ternaries}{chapter..3}% 28
\BOOKMARK [1][-]{section..3.4}{Pure element calculation results}{chapter..3}% 29
\BOOKMARK [1][-]{section..3.5}{Enthalpy of formation of bcc phase from first-principles}{chapter..3}% 30
\BOOKMARK [1][-]{section..3.6}{Thermodynamic modeling of the ten binary systems}{chapter..3}% 31
\BOOKMARK [2][-]{subsection..3.6.1}{Mo-Nb, Mo-Ta, Nb-Ta}{section..3.6}% 32
\BOOKMARK [2][-]{subsection..3.6.2}{Mo-Zr, Nb-Zr and Ta-Zr}{section..3.6}% 33
\BOOKMARK [2][-]{subsection..3.6.3}{Ti-Mo}{section..3.6}% 34
\BOOKMARK [2][-]{subsection..3.6.4}{Ti-Nb}{section..3.6}% 35
\BOOKMARK [2][-]{subsection..3.6.5}{Ti-Ta}{section..3.6}% 36
\BOOKMARK [2][-]{subsection..3.6.6}{Ti-Zr}{section..3.6}% 37
\BOOKMARK [1][-]{section..3.7}{Thermodynamic modeling of six Ti-containing ternary systems}{chapter..3}% 38
\BOOKMARK [2][-]{subsection..3.7.1}{Ti-Mo-Nb}{section..3.7}% 39
\BOOKMARK [2][-]{subsection..3.7.2}{Ti-Mo-Ta}{section..3.7}% 40
\BOOKMARK [2][-]{subsection..3.7.3}{Ti-Mo-Zr}{section..3.7}% 41
\BOOKMARK [2][-]{subsection..3.7.4}{Ti-Nb-Ta}{section..3.7}% 42
\BOOKMARK [2][-]{subsection..3.7.5}{Ti-Nb-Zr}{section..3.7}% 43
\BOOKMARK [2][-]{subsection..3.7.6}{Ti-Ta-Zr}{section..3.7}% 44
\BOOKMARK [1][-]{section..3.8}{Conclusion}{chapter..3}% 45
\BOOKMARK [0][-]{chapter..4}{Thermodynamic modeling of the Sn-Ta system}{}% 46
\BOOKMARK [1][-]{section..4.1}{Introduction}{chapter..4}% 47
\BOOKMARK [1][-]{section..4.2}{Literature Review}{chapter..4}% 48
\BOOKMARK [1][-]{section..4.3}{Modeling and Calculations}{chapter..4}% 49
\BOOKMARK [1][-]{section..4.4}{Results and discussion}{chapter..4}% 50
\BOOKMARK [2][-]{subsection..4.4.1}{First-principles}{section..4.4}% 51
\BOOKMARK [2][-]{subsection..4.4.2}{CALPHAD}{section..4.4}% 52
\BOOKMARK [1][-]{section..4.5}{Conclusion}{chapter..4}% 53
\BOOKMARK [0][-]{chapter..5}{Effects of alloying elements on the elastic properties of bcc Ti-X alloys}{}% 54
\BOOKMARK [1][-]{section..5.1}{Introduction}{chapter..5}% 55
\BOOKMARK [1][-]{section..5.2}{Modeling and Calculations}{chapter..5}% 56
\BOOKMARK [1][-]{section..5.3}{Results and discussion}{chapter..5}% 57
\BOOKMARK [2][-]{subsection..5.3.1}{Evaluation of calculation settings}{section..5.3}% 58
\BOOKMARK [2][-]{subsection..5.3.2}{Calculations of elastic coefficients in Ti-X binary systems}{section..5.3}% 59
\BOOKMARK [2][-]{subsection..5.3.3}{Extrapolation to ternary and higher ordered systems}{section..5.3}% 60
\BOOKMARK [1][-]{section..5.4}{Conclusion}{chapter..5}% 61
\BOOKMARK [0][-]{chapter..6}{Effects of alloying elements on the elastic properties of bcc ternary and higher ordered Ti-alloys}{}% 62
\BOOKMARK [1][-]{section..6.1}{Introduction}{chapter..6}% 63
\BOOKMARK [1][-]{section..6.2}{Modeling and Calculations}{chapter..6}% 64
\BOOKMARK [1][-]{section..6.3}{Results and discussion}{chapter..6}% 65
\BOOKMARK [2][-]{subsection..6.3.1}{Elastic calculation results}{section..6.3}% 66
\BOOKMARK [2][-]{subsection..6.3.2}{Extrapolation to higher ordered systems}{section..6.3}% 67
\BOOKMARK [1][-]{section..6.4}{Conclusion}{chapter..6}% 68
\BOOKMARK [0][-]{chapter..7}{Metastable phase study in the Ti-Ta and Ti-Nb systems}{}% 69
\BOOKMARK [1][-]{section..7.1}{Introduction}{chapter..7}% 70
\BOOKMARK [1][-]{section..7.2}{Modeling and Calculations}{chapter..7}% 71
\BOOKMARK [1][-]{section..7.3}{Results and discussion}{chapter..7}% 72
\BOOKMARK [2][-]{subsection..7.3.1}{Elastic properties}{section..7.3}% 73
\BOOKMARK [2][-]{subsection..7.3.2}{First-principles calculations at 0 K}{section..7.3}% 74
\BOOKMARK [2][-]{subsection..7.3.3}{Neutron scattering results}{section..7.3}% 75
\BOOKMARK [3][-]{subsubsection..7.3.3.1}{Phonon density of states at 300 K}{subsection..7.3.3}% 76
\BOOKMARK [3][-]{subsubsection..7.3.3.2}{Diffraction patterns at 300 K}{subsection..7.3.3}% 77
\BOOKMARK [1][-]{section..7.4}{Conclusion}{chapter..7}% 78
\BOOKMARK [0][-]{chapter..8}{Conclusions and Future Work}{}% 79
\BOOKMARK [1][-]{section..8.1}{Conclusions}{chapter..8}% 80
\BOOKMARK [1][-]{section..8.2}{Future Work}{chapter..8}% 81
\BOOKMARK [0][-]{appendix.A}{Ti-Mo-Nb-Ta-Zr Database}{}% 82
\BOOKMARK [0][-]{appendix.B}{Sn-Ta Database}{}% 83
\BOOKMARK [0][-]{appendix.C}{Calculation and Fitting Details}{}% 84
\BOOKMARK [0][-]{appendix.D}{Ti Elastic Database}{}% 85
\BOOKMARK [0][-]{appendix.E}{Pycalphad script}{}% 86
\BOOKMARK [0][-]{appendix.F}{Ti-Nb Experimental Elastic Data}{}% 87
\BOOKMARK [0][-]{equation.F.0.6}{Bibliography}{}% 88
